<?xml version="1.0" encoding="UTF-8"?>
<!-- Generated by org.testng.reporters.JUnitXMLReporter -->
<testsuite ignored="0" hostname="irfan-MacBook-Air.local" failures="1" tests="4" name="Default test(failed)" time="0.092" errors="0" timestamp="2025-02-01T19:49:06 TRT">
  <testcase classname="com.neotech.lesson02.DependsDemo" name="firstTest" time="0.027"/>
  <testcase classname="com.neotech.lesson02.DependsDemo" name="secondTest" time="0.003"/>
  <testcase classname="com.neotech.lesson02.DependsDemo" name="thirdTest" time="0.004">
    <failure type="java.lang.Exception">
      <![CDATA[java.lang.Exception
at com.neotech.lesson02.DependsDemo.thirdTest(DependsDemo.java:23)
at java.base/java.util.ArrayList.forEach(ArrayList.java:1597)
... Removed 25 stack frames]]>
    </failure>
  </testcase> <!-- thirdTest -->
  <testcase classname="com.neotech.lesson02.DependsDemo" name="forthTest" time="0.0">
    <skipped/>
  </testcase> <!-- forthTest -->
</testsuite> <!-- Default test(failed) -->
