<?xml version="1.0" encoding="UTF-8"?>
<!-- Generated by org.testng.reporters.JUnitXMLReporter -->
<testsuite ignored="3" hostname="irfan-MacBook-Air.local" failures="0" tests="9" name="IncludeExcludeTest" time="22.807" errors="0" timestamp="2025-02-02T23:15:30 TRT">
  <testcase classname="com.neotech.lesson01.TestNGDemo" name="testOne" time="0.026"/>
  <testcase classname="com.neotech.lesson01.TestNGDemo" name="testThree" time="0.009"/>
  <testcase classname="com.neotech.lesson01.TestNGDemo" name="testTwo" time="0.003"/>
  <testcase classname="com.neotech.lesson01.TestNGMoreAnnotations" name="testOne" time="0.005"/>
  <testcase classname="com.neotech.lesson01.TestNGMoreAnnotations" name="testTwo" time="0.008"/>
  <testcase classname="com.neotech.lesson01.TestNGHW1" name="LoginInfo" time="2.893"/>
  <testcase classname="com.neotech.lesson01.TestNGAnnotations" name="test1" time="0.001"/>
  <testcase classname="com.neotech.lesson01.TestNGAnnotations" name="test2" time="0.003"/>
  <testcase classname="com.neotech.lesson01.TestNGAnnotations" name="test3" time="0.002"/>
  <testcase classname="com.neotech.lesson01.TitleAndLogoValidation" name="titleValidation" time="0.0">
    <ignored/>
  </testcase> <!-- titleValidation -->
  <testcase classname="com.neotech.lesson01.TitleAndLogoValidation" name="logoValidation" time="0.0">
    <ignored/>
  </testcase> <!-- logoValidation -->
  <testcase classname="com.neotech.lesson01.TitleAndLogoValidation" name="loginValidation" time="0.0">
    <ignored/>
  </testcase> <!-- loginValidation -->
</testsuite> <!-- IncludeExcludeTest -->
