<?xml version="1.0" encoding="UTF-8"?>
<!-- Generated by org.testng.reporters.JUnitXMLReporter -->
<testsuite ignored="35" hostname="irfan-MacBook-Air.local" failures="0" tests="5" name="GroupsDemoTest" time="10.003" errors="0" timestamp="2025-02-03T00:34:56 TRT">
  <testcase classname="com.neotech.lesson01.TestNGDemo" name="testOne" time="0.022"/>
  <testcase classname="com.neotech.lesson03.GroupsDemo" name="test1" time="0.005"/>
  <testcase classname="com.neotech.lesson03.GroupsDemo" name="test2" time="0.009"/>
  <testcase classname="com.neotech.lesson01.TitleAndLogoValidation" name="titleValidation" time="0.061"/>
  <testcase classname="com.neotech.lesson01.TestNGMoreAnnotations" name="testTwo" time="0.002"/>
  <testcase classname="com.neotech.lesson02.Hw1" name="firstMethod1" time="0.0">
    <ignored/>
  </testcase> <!-- firstMethod1 -->
  <testcase classname="com.neotech.lesson02.Hw2" name="verify" time="0.0">
    <ignored/>
  </testcase> <!-- verify -->
  <testcase classname="com.neotech.lesson02.AssertDemo" name="logoValidation" time="0.0">
    <ignored/>
  </testcase> <!-- logoValidation -->
  <testcase classname="com.neotech.lesson01.TitleAndLogoValidation" name="loginValidation" time="0.0">
    <ignored/>
  </testcase> <!-- loginValidation -->
  <testcase classname="com.neotech.lesson01.TestNGAnnotations" name="test1" time="0.0">
    <ignored/>
  </testcase> <!-- test1 -->
  <testcase classname="com.neotech.lesson02.Hw1" name="fourthMethod" time="0.0">
    <ignored/>
  </testcase> <!-- fourthMethod -->
  <testcase classname="com.neotech.lesson01.TestNGHW1" name="LoginInfo" time="0.0">
    <ignored/>
  </testcase> <!-- LoginInfo -->
  <testcase classname="com.neotech.lesson01.TestNGDemo" name="testThree" time="0.0">
    <ignored/>
  </testcase> <!-- testThree -->
  <testcase classname="com.neotech.lesson02.EnableAndDisable" name="secondTest" time="0.0">
    <ignored/>
  </testcase> <!-- secondTest -->
  <testcase classname="com.neotech.lesson02.DependsDemo" name="firstTest" time="0.0">
    <ignored/>
  </testcase> <!-- firstTest -->
  <testcase classname="com.neotech.lesson02.Hw2" name="loginValidation" time="0.0">
    <ignored/>
  </testcase> <!-- loginValidation -->
  <testcase classname="com.neotech.lesson01.TestNGDemo" name="testTwo" time="0.0">
    <ignored/>
  </testcase> <!-- testTwo -->
  <testcase classname="com.neotech.lesson02.EnableAndDisable" name="forthTest" time="0.0">
    <ignored/>
  </testcase> <!-- forthTest -->
  <testcase classname="com.neotech.lesson01.TestNGMoreAnnotations" name="testOne" time="0.0">
    <ignored/>
  </testcase> <!-- testOne -->
  <testcase classname="com.neotech.lesson02.PriorityDemo" name="secondTest" time="0.0">
    <ignored/>
  </testcase> <!-- secondTest -->
  <testcase classname="com.neotech.lesson02.Hw1" name="thirdMethod" time="0.0">
    <ignored/>
  </testcase> <!-- thirdMethod -->
  <testcase classname="com.neotech.lesson02.DependsDemo" name="thirdTest" time="0.0">
    <ignored/>
  </testcase> <!-- thirdTest -->
  <testcase classname="com.neotech.lesson02.Hw1" name="secondMethod" time="0.0">
    <ignored/>
  </testcase> <!-- secondMethod -->
  <testcase classname="com.neotech.lesson02.PriorityDemo" name="forthTest" time="0.0">
    <ignored/>
  </testcase> <!-- forthTest -->
  <testcase classname="com.neotech.lesson02.AssertDemo" name="titleValidation" time="0.0">
    <ignored/>
  </testcase> <!-- titleValidation -->
  <testcase classname="com.neotech.lesson01.TestNGAnnotations" name="test3" time="0.0">
    <ignored/>
  </testcase> <!-- test3 -->
  <testcase classname="com.neotech.lesson02.Hw2" name="AddEmployee" time="0.0">
    <ignored/>
  </testcase> <!-- AddEmployee -->
  <testcase classname="com.neotech.lesson02.SoftAssertDemo" name="logoAndLoginValidation" time="0.0">
    <ignored/>
  </testcase> <!-- logoAndLoginValidation -->
  <testcase classname="com.neotech.lesson02.DependsDemo" name="forthTest" time="0.0">
    <ignored/>
  </testcase> <!-- forthTest -->
  <testcase classname="com.neotech.lesson01.TitleAndLogoValidation" name="logoValidation" time="0.0">
    <ignored/>
  </testcase> <!-- logoValidation -->
  <testcase classname="com.neotech.lesson02.Hw1" name="firstMethod" time="0.0">
    <ignored/>
  </testcase> <!-- firstMethod -->
  <testcase classname="com.neotech.lesson03.GroupsDemo" name="test3" time="0.0">
    <ignored/>
  </testcase> <!-- test3 -->
  <testcase classname="com.neotech.lesson02.PriorityDemo" name="thirdTest" time="0.0">
    <ignored/>
  </testcase> <!-- thirdTest -->
  <testcase classname="com.neotech.lesson03.GroupsDemo" name="test4" time="0.0">
    <ignored/>
  </testcase> <!-- test4 -->
  <testcase classname="com.neotech.lesson02.EnableAndDisable" name="thirdTest" time="0.0">
    <ignored/>
  </testcase> <!-- thirdTest -->
  <testcase classname="com.neotech.lesson01.TestNGAnnotations" name="test2" time="0.0">
    <ignored/>
  </testcase> <!-- test2 -->
  <testcase classname="com.neotech.lesson02.PriorityDemo" name="firstTest" time="0.0">
    <ignored/>
  </testcase> <!-- firstTest -->
  <testcase classname="com.neotech.lesson02.Hw2" name="add" time="0.0">
    <ignored/>
  </testcase> <!-- add -->
  <testcase classname="com.neotech.lesson02.DependsDemo" name="secondTest" time="0.0">
    <ignored/>
  </testcase> <!-- secondTest -->
  <testcase classname="com.neotech.lesson02.EnableAndDisable" name="firstTest" time="0.0">
    <ignored/>
  </testcase> <!-- firstTest -->
</testsuite> <!-- GroupsDemoTest -->
