<?xml version="1.0" encoding="UTF-8"?>
<!-- Generated by org.testng.reporters.JUnitXMLReporter -->
<testsuite ignored="1" hostname="irfan-MacBook-Air.local" failures="1" tests="7" name="Demo" time="0.123" errors="0" timestamp="2025-02-01T23:00:50 TRT">
  <testcase classname="com.neotech.lesson02.EnableAndDisable" name="firstTest" time="0.024"/>
  <testcase classname="com.neotech.lesson02.EnableAndDisable" name="secondTest" time="0.005"/>
  <testcase classname="com.neotech.lesson02.EnableAndDisable" name="forthTest" time="0.002"/>
  <testcase classname="com.neotech.lesson02.DependsDemo" name="firstTest" time="0.003"/>
  <testcase classname="com.neotech.lesson02.DependsDemo" name="secondTest" time="0.001"/>
  <testcase classname="com.neotech.lesson02.DependsDemo" name="thirdTest" time="0.002">
    <failure type="java.lang.Exception">
      <![CDATA[java.lang.Exception
at com.neotech.lesson02.DependsDemo.thirdTest(DependsDemo.java:23)
at java.base/java.util.ArrayList.forEach(ArrayList.java:1597)
... Removed 25 stack frames]]>
    </failure>
  </testcase> <!-- thirdTest -->
  <testcase classname="com.neotech.lesson02.DependsDemo" name="forthTest" time="0.0">
    <skipped/>
  </testcase> <!-- forthTest -->
  <testcase classname="com.neotech.lesson02.EnableAndDisable" name="thirdTest" time="0.0">
    <ignored/>
  </testcase> <!-- thirdTest -->
</testsuite> <!-- Demo -->
