<?xml version="1.0" encoding="UTF-8"?>
<!-- Generated by org.testng.reporters.JUnitXMLReporter -->
<testsuite ignored="2" hostname="irfan-MacBook-Air.local" failures="2" tests="13" name="Lesson02" time="85.399" errors="0" timestamp="2025-02-01T23:16:19 TRT">
  <testcase classname="com.neotech.lesson02.EnableAndDisable" name="firstTest" time="0.003"/>
  <testcase classname="com.neotech.lesson02.EnableAndDisable" name="secondTest" time="0.003"/>
  <testcase classname="com.neotech.lesson02.EnableAndDisable" name="forthTest" time="0.004"/>
  <testcase classname="com.neotech.lesson02.SoftAssertDemo" name="logoAndLoginValidation" time="48.52"/>
  <testcase classname="com.neotech.lesson02.AssertDemo" name="logoValidation" time="0.179">
    <failure type="java.lang.AssertionError" message="Logo is NOT displayed expected [true] but found [false]">
      <![CDATA[java.lang.AssertionError: Logo is NOT displayed expected [true] but found [false]
at com.neotech.lesson02.AssertDemo.logoValidation(AssertDemo.java:60)
at java.base/java.util.ArrayList.forEach(ArrayList.java:1597)
... Removed 28 stack frames]]>
    </failure>
  </testcase> <!-- logoValidation -->
  <testcase classname="com.neotech.lesson02.PriorityDemo" name="thirdTest" time="0.001"/>
  <testcase classname="com.neotech.lesson02.PriorityDemo" name="firstTest" time="0.0"/>
  <testcase classname="com.neotech.lesson02.PriorityDemo" name="secondTest" time="0.002"/>
  <testcase classname="com.neotech.lesson02.PriorityDemo" name="forthTest" time="0.001"/>
  <testcase classname="com.neotech.lesson02.DependsDemo" name="firstTest" time="0.001"/>
  <testcase classname="com.neotech.lesson02.DependsDemo" name="secondTest" time="0.003"/>
  <testcase classname="com.neotech.lesson02.DependsDemo" name="thirdTest" time="0.001">
    <failure type="java.lang.Exception">
      <![CDATA[java.lang.Exception
at com.neotech.lesson02.DependsDemo.thirdTest(DependsDemo.java:23)
at java.base/java.util.ArrayList.forEach(ArrayList.java:1597)
... Removed 25 stack frames]]>
    </failure>
  </testcase> <!-- thirdTest -->
  <testcase classname="com.neotech.lesson02.DependsDemo" name="forthTest" time="0.001">
    <skipped/>
  </testcase> <!-- forthTest -->
  <testcase classname="com.neotech.lesson02.AssertDemo" name="titleValidation" time="0.0">
    <ignored/>
  </testcase> <!-- titleValidation -->
  <testcase classname="com.neotech.lesson02.EnableAndDisable" name="thirdTest" time="0.0">
    <ignored/>
  </testcase> <!-- thirdTest -->
</testsuite> <!-- Lesson02 -->
