<?xml version="1.0" encoding="UTF-8"?>
<!-- Generated by org.testng.reporters.JUnitXMLReporter -->
<testsuite ignored="0" hostname="irfan-MacBook-Air.local" failures="0" tests="12" name="Lesson01" time="149.917" errors="0" timestamp="2025-02-01T23:14:53 TRT">
  <testcase classname="com.neotech.lesson01.TestNGDemo" name="testOne" time="0.017"/>
  <testcase classname="com.neotech.lesson01.TestNGDemo" name="testThree" time="0.005"/>
  <testcase classname="com.neotech.lesson01.TestNGDemo" name="testTwo" time="0.004"/>
  <testcase classname="com.neotech.lesson01.TitleAndLogoValidation" name="loginValidation" time="73.311"/>
  <testcase classname="com.neotech.lesson01.TitleAndLogoValidation" name="logoValidation" time="0.201"/>
  <testcase classname="com.neotech.lesson01.TitleAndLogoValidation" name="titleValidation" time="0.057"/>
  <testcase classname="com.neotech.lesson01.TestNGMoreAnnotations" name="testOne" time="0.002"/>
  <testcase classname="com.neotech.lesson01.TestNGMoreAnnotations" name="testTwo" time="0.004"/>
  <testcase classname="com.neotech.lesson01.TestNGHW1" name="LoginInfo" time="2.097"/>
  <testcase classname="com.neotech.lesson01.TestNGAnnotations" name="test1" time="0.004"/>
  <testcase classname="com.neotech.lesson01.TestNGAnnotations" name="test2" time="0.001"/>
  <testcase classname="com.neotech.lesson01.TestNGAnnotations" name="test3" time="0.004"/>
</testsuite> <!-- Lesson01 -->
