<?xml version="1.0" encoding="UTF-8"?>
<!-- Generated by org.testng.reporters.JUnitXMLReporter -->
<testsuite ignored="0" hostname="irfan-MacBook-Air.local" failures="1" tests="2" name="Test" time="0.084" errors="0" timestamp="2025-02-07T03:59:34 TRT">
  <testcase classname="com.neotech.lesson04.ListenerDemo" name="test1" time="0.019"/>
  <testcase classname="com.neotech.lesson04.ListenerDemo" name="test2" time="0.001">
    <failure type="java.lang.AssertionError" message="expected [true] but found [false]">
      <![CDATA[java.lang.AssertionError: expected [true] but found [false]
at com.neotech.lesson04.ListenerDemo.test2(ListenerDemo.java:37)
at java.base/java.util.ArrayList.forEach(ArrayList.java:1597)
... Removed 29 stack frames]]>
    </failure>
  </testcase> <!-- test2 -->
</testsuite> <!-- Test -->
