<?xml version="1.0" encoding="UTF-8"?>
<testng-results ignored="0" total="3" passed="3" failed="0" skipped="0">
  <reporter-output>
  </reporter-output>
  <suite started-at="2025-05-16T20:15:56 TRT" name="Default suite" finished-at="2025-05-16T20:15:56 TRT" duration-ms="128">
    <groups>
      <group name="sprint6">
        <method signature="TestNGAnnotations.test1()[pri:0, instance:com.neotech.lesson01.TestNGAnnotations@4f32a3ad]" name="test1" class="com.neotech.lesson01.TestNGAnnotations"/>
      </group> <!-- sprint6 -->
    </groups>
    <test started-at="2025-05-16T20:15:56 TRT" name="Default test" finished-at="2025-05-16T20:15:56 TRT" duration-ms="128">
      <class name="com.neotech.lesson01.TestNGAnnotations">
        <test-method is-config="true" signature="beforeMethod()[pri:0, instance:com.neotech.lesson01.TestNGAnnotations@4f32a3ad]" started-at="2025-05-16T20:15:56 TRT" name="beforeMethod" finished-at="2025-05-16T20:15:56 TRT" duration-ms="15" status="PASS">
          <reporter-output>
          </reporter-output>
        </test-method> <!-- beforeMethod -->
        <test-method signature="test1()[pri:0, instance:com.neotech.lesson01.TestNGAnnotations@4f32a3ad]" started-at="2025-05-16T20:15:56 TRT" name="test1" finished-at="2025-05-16T20:15:56 TRT" duration-ms="16" status="PASS">
          <reporter-output>
          </reporter-output>
        </test-method> <!-- test1 -->
        <test-method is-config="true" signature="afterMethod()[pri:0, instance:com.neotech.lesson01.TestNGAnnotations@4f32a3ad]" started-at="2025-05-16T20:15:56 TRT" name="afterMethod" finished-at="2025-05-16T20:15:56 TRT" duration-ms="3" status="PASS">
          <reporter-output>
          </reporter-output>
        </test-method> <!-- afterMethod -->
        <test-method signature="test2()[pri:0, instance:com.neotech.lesson01.TestNGAnnotations@4f32a3ad]" started-at="2025-05-16T20:15:56 TRT" name="test2" finished-at="2025-05-16T20:15:56 TRT" duration-ms="3" status="PASS">
          <reporter-output>
          </reporter-output>
        </test-method> <!-- test2 -->
        <test-method is-config="true" signature="beforeMethod()[pri:0, instance:com.neotech.lesson01.TestNGAnnotations@4f32a3ad]" started-at="2025-05-16T20:15:56 TRT" name="beforeMethod" finished-at="2025-05-16T20:15:56 TRT" duration-ms="0" status="PASS">
          <reporter-output>
          </reporter-output>
        </test-method> <!-- beforeMethod -->
        <test-method is-config="true" signature="afterMethod()[pri:0, instance:com.neotech.lesson01.TestNGAnnotations@4f32a3ad]" started-at="2025-05-16T20:15:56 TRT" name="afterMethod" finished-at="2025-05-16T20:15:56 TRT" duration-ms="0" status="PASS">
          <reporter-output>
          </reporter-output>
        </test-method> <!-- afterMethod -->
        <test-method is-config="true" signature="beforeMethod()[pri:0, instance:com.neotech.lesson01.TestNGAnnotations@4f32a3ad]" started-at="2025-05-16T20:15:56 TRT" name="beforeMethod" finished-at="2025-05-16T20:15:56 TRT" duration-ms="2" status="PASS">
          <reporter-output>
          </reporter-output>
        </test-method> <!-- beforeMethod -->
        <test-method signature="test3()[pri:0, instance:com.neotech.lesson01.TestNGAnnotations@4f32a3ad]" started-at="2025-05-16T20:15:56 TRT" name="test3" finished-at="2025-05-16T20:15:56 TRT" duration-ms="3" status="PASS">
          <reporter-output>
          </reporter-output>
        </test-method> <!-- test3 -->
        <test-method is-config="true" signature="afterMethod()[pri:0, instance:com.neotech.lesson01.TestNGAnnotations@4f32a3ad]" started-at="2025-05-16T20:15:56 TRT" name="afterMethod" finished-at="2025-05-16T20:15:56 TRT" duration-ms="1" status="PASS">
          <reporter-output>
          </reporter-output>
        </test-method> <!-- afterMethod -->
      </class> <!-- com.neotech.lesson01.TestNGAnnotations -->
    </test> <!-- Default test -->
  </suite> <!-- Default suite -->
</testng-results>
